<?xml version="1.0" encoding="utf-8" standalone="no"?>
<!--This file represents the results of running a test suite-->
<test-results name="D:\learning-phase\Calculator\Calculator\bin\Debug\Calculator.dll" total="1" errors="0" failures="0" not-run="0" inconclusive="0" ignored="0" skipped="0" invalid="0" date="2017-04-26" time="14:19:42">
  <environment nunit-version="2.6.4.14350" clr-version="2.0.50727.5485" os-version="Microsoft Windows NT 6.1.7601 Service Pack 1" platform="Win32NT" cwd="D:\learning-phase\Calculator\Calculator\bin\Debug" machine-name="PURANJ" user="pjoshi" user-domain="INTERNAL" />
  <culture-info current-culture="en-US" current-uiculture="en-US" />
  <test-suite type="Assembly" name="D:\learning-phase\Calculator\Calculator\bin\Debug\Calculator.dll" executed="True" result="Success" success="True" time="0.026" asserts="0">
    <results>
      <test-suite type="Namespace" name="Calculator" executed="True" result="Success" success="True" time="0.018" asserts="0">
        <results>
          <test-suite type="Namespace" name="Test" executed="True" result="Success" success="True" time="0.018" asserts="0">
            <results>
              <test-suite type="TestFixture" name="CalculatorTest" executed="True" result="Success" success="True" time="0.017" asserts="0">
                <results>
                  <test-case name="Calculator.Test.CalculatorTest.AddNumber" executed="True" result="Success" success="True" time="0.010" asserts="0" />
                </results>
              </test-suite>
            </results>
          </test-suite>
        </results>
      </test-suite>
    </results>
  </test-suite>
</test-results>